<?xml version="1.0" encoding="UTF-8"?>
<!-- Generated by org.testng.reporters.JUnitXMLReporter -->
<testsuite hostname="LAPTOP-HPGR5EAK" ignored="34" name="User module" tests="2" failures="0" timestamp="14 Sep 2020 12:43:53 GMT" time="164.089" errors="0">
  <testcase name="createFolderUser" time="4.875" classname="com.dcirrus.login.UserModule"/>
  <testcase name="requestFileDeposit" time="103.918" classname="com.dcirrus.login.UserModule"/>
  <testcase name="downloadVersionList" time="0.0" classname="com.dcirrus.login.UserModule">
    <ignored/>
  </testcase> <!-- downloadVersionList -->
  <testcase name="downloadFile_Download" time="0.0" classname="com.dcirrus.login.UserModule">
    <ignored/>
  </testcase> <!-- downloadFile_Download -->
  <testcase name="subFolder_Download" time="0.0" classname="com.dcirrus.login.UserModule">
    <ignored/>
  </testcase> <!-- subFolder_Download -->
  <testcase name="uploadFolder_Download" time="0.0" classname="com.dcirrus.login.UserModule">
    <ignored/>
  </testcase> <!-- uploadFolder_Download -->
  <testcase name="rename_Upload" time="0.0" classname="com.dcirrus.login.UserModule">
    <ignored/>
  </testcase> <!-- rename_Upload -->
  <testcase name="RequestFileDeposit_Download" time="0.0" classname="com.dcirrus.login.UserModule">
    <ignored/>
  </testcase> <!-- RequestFileDeposit_Download -->
  <testcase name="downloadVersionList_upload" time="0.0" classname="com.dcirrus.login.UserModule">
    <ignored/>
  </testcase> <!-- downloadVersionList_upload -->
  <testcase name="restore_Upload" time="0.0" classname="com.dcirrus.login.UserModule">
    <ignored/>
  </testcase> <!-- restore_Upload -->
  <testcase name="uploadFolder_Upload" time="0.0" classname="com.dcirrus.login.UserModule">
    <ignored/>
  </testcase> <!-- uploadFolder_Upload -->
  <testcase name="rename_Download" time="0.0" classname="com.dcirrus.login.UserModule">
    <ignored/>
  </testcase> <!-- rename_Download -->
  <testcase name="restore_Download" time="0.0" classname="com.dcirrus.login.UserModule">
    <ignored/>
  </testcase> <!-- restore_Download -->
  <testcase name="createFolder_Upload" time="0.0" classname="com.dcirrus.login.UserModule">
    <ignored/>
  </testcase> <!-- createFolder_Upload -->
  <testcase name="deleteFolder_Download" time="0.0" classname="com.dcirrus.login.UserModule">
    <ignored/>
  </testcase> <!-- deleteFolder_Download -->
  <testcase name="deleteFolder" time="0.0" classname="com.dcirrus.login.UserModule">
    <ignored/>
  </testcase> <!-- deleteFolder -->
  <testcase name="subFolder" time="0.0" classname="com.dcirrus.login.UserModule">
    <ignored/>
  </testcase> <!-- subFolder -->
  <testcase name="deleteFolder_upload" time="0.0" classname="com.dcirrus.login.UserModule">
    <ignored/>
  </testcase> <!-- deleteFolder_upload -->
  <testcase name="downloadFolder_upload" time="0.0" classname="com.dcirrus.login.UserModule">
    <ignored/>
  </testcase> <!-- downloadFolder_upload -->
  <testcase name="downloadMultipleFiles_Download" time="0.0" classname="com.dcirrus.login.UserModule">
    <ignored/>
  </testcase> <!-- downloadMultipleFiles_Download -->
  <testcase name="rename" time="0.0" classname="com.dcirrus.login.UserModule">
    <ignored/>
  </testcase> <!-- rename -->
  <testcase name="downloadFile" time="0.0" classname="com.dcirrus.login.UserModule">
    <ignored/>
  </testcase> <!-- downloadFile -->
  <testcase name="downloadVersionList_Download" time="0.0" classname="com.dcirrus.login.UserModule">
    <ignored/>
  </testcase> <!-- downloadVersionList_Download -->
  <testcase name="downloadFile_upload" time="0.0" classname="com.dcirrus.login.UserModule">
    <ignored/>
  </testcase> <!-- downloadFile_upload -->
  <testcase name="uploadFile_Upload" time="0.0" classname="com.dcirrus.login.UserModule">
    <ignored/>
  </testcase> <!-- uploadFile_Upload -->
  <testcase name="downloadFolder_Download" time="0.0" classname="com.dcirrus.login.UserModule">
    <ignored/>
  </testcase> <!-- downloadFolder_Download -->
  <testcase name="uploadFile_Download" time="0.0" classname="com.dcirrus.login.UserModule">
    <ignored/>
  </testcase> <!-- uploadFile_Download -->
  <testcase name="downloadMultipleFiles" time="0.0" classname="com.dcirrus.login.UserModule">
    <ignored/>
  </testcase> <!-- downloadMultipleFiles -->
  <testcase name="subFolder_Upload" time="0.0" classname="com.dcirrus.login.UserModule">
    <ignored/>
  </testcase> <!-- subFolder_Upload -->
  <testcase name="downloadMultipleFiles_upload" time="0.0" classname="com.dcirrus.login.UserModule">
    <ignored/>
  </testcase> <!-- downloadMultipleFiles_upload -->
  <testcase name="createFolder_Download" time="0.0" classname="com.dcirrus.login.UserModule">
    <ignored/>
  </testcase> <!-- createFolder_Download -->
  <testcase name="uploadFolder" time="0.0" classname="com.dcirrus.login.UserModule">
    <ignored/>
  </testcase> <!-- uploadFolder -->
  <testcase name="restore" time="0.0" classname="com.dcirrus.login.UserModule">
    <ignored/>
  </testcase> <!-- restore -->
  <testcase name="uploadFile" time="0.0" classname="com.dcirrus.login.UserModule">
    <ignored/>
  </testcase> <!-- uploadFile -->
  <testcase name="RequestFileDeposit_upload" time="0.0" classname="com.dcirrus.login.UserModule">
    <ignored/>
  </testcase> <!-- RequestFileDeposit_upload -->
  <testcase name="downloadFolder" time="0.0" classname="com.dcirrus.login.UserModule">
    <ignored/>
  </testcase> <!-- downloadFolder -->
</testsuite> <!-- User module -->
